249.526318 ; 83011 ; PROC_CREAT ; -vR o+w test
249.683900 ; 83011 ; FILE_MODF ; test : 0775 : 0777
249.860024 ; 83011 ; FILE_MODF ; test/file2.txt : 0775 : 0777
250.290139 ; 83012 ; PROC_CREAT ; -vR o+w test/data2
250.495939 ; 83012 ; FILE_MODF ; test/data2 : 0775 : 0777
250.771669 ; 83012 ; FILE_MODF ; test/data2/file5.txt : 0775 : 0777
250.930962 ; 83012 ; SIGNAL_SENT ; SIGINT : 83012
251.269004 ; 83011 ; SIGNAL_RECV ; SIGCHLD
251.349503 ; 83012 ; PROC_EXIT ; 0
251.514604 ; 83011 ; FILE_MODF ; test/file1.txt : 0775 : 0777
251.991761 ; 83013 ; PROC_CREAT ; -vR o+w test/data
252.197916 ; 83013 ; FILE_MODF ; test/data : 0775 : 0777
252.464761 ; 83013 ; FILE_MODF ; test/data/file4.txt : 0775 : 0777
252.860375 ; 83014 ; PROC_CREAT ; -vR o+w test/data/dd
253.057375 ; 83014 ; FILE_MODF ; test/data/dd : 0775 : 0777
253.287396 ; 83014 ; FILE_MODF ; test/data/dd/file7.txt : 0775 : 0777
253.422573 ; 83014 ; SIGNAL_SENT ; SIGINT : 83014
253.780534 ; 83013 ; SIGNAL_RECV ; SIGCHLD
253.871538 ; 83014 ; PROC_EXIT ; 0
254.012570 ; 83013 ; FILE_MODF ; test/data/file3.txt : 0775 : 0777
254.166915 ; 83013 ; SIGNAL_SENT ; SIGINT : 83013
254.487839 ; 83011 ; SIGNAL_RECV ; SIGCHLD
254.543311 ; 83013 ; PROC_EXIT ; 0
254.627755 ; 83011 ; SIGNAL_SENT ; SIGINT : 83011
